<?xml version="1.0" encoding="UTF-8"?>
<!-- Generated by org.testng.reporters.JUnitXMLReporter -->
<testsuite ignored="0" hostname="TYSS-Anurag-Anand" failures="0" tests="3" name="Default test" time="13.119" errors="0" timestamp="2024-03-05T12:28:42 IST">
  <testcase classname="com.shoppersstack.testscripts.NavigateToWelcomePage" name="openBrowser" time="8.336"/>
  <testcase classname="com.shoppersstack.testscripts.NavigateToWelcomePage" name="navigateToUrl" time="4.737"/>
  <testcase classname="com.shoppersstack.testscripts.NavigateToWelcomePage" name="verifyPageTitle" time="0.008"/>
</testsuite> <!-- Default test -->
