<?xml version="1.0" encoding="UTF-8"?>
<testng-results ignored="0" total="1" passed="1" failed="0" skipped="0">
  <reporter-output>
    <line>
      <![CDATA[abc]]>
    </line>
  </reporter-output>
  <suite started-at="2024-03-05T14:52:33 IST" name="Default suite" finished-at="2024-03-05T14:52:40 IST" duration-ms="6104">
    <groups>
    </groups>
    <test started-at="2024-03-05T14:52:33 IST" name="Default test" finished-at="2024-03-05T14:52:40 IST" duration-ms="6104">
      <class name="com.shoppersstack.testscripts.NavigateToLoginPage">
        <test-method is-config="true" signature="navigateToWelcomePage()[pri:0, instance:com.shoppersstack.testscripts.NavigateToLoginPage@235ecd9f]" started-at="2024-03-05T14:52:33 IST" name="navigateToWelcomePage" finished-at="2024-03-05T14:52:39 IST" duration-ms="6027" status="PASS">
          <reporter-output>
          </reporter-output>
        </test-method> <!-- navigateToWelcomePage -->
        <test-method signature="launch()[pri:0, instance:com.shoppersstack.testscripts.NavigateToLoginPage@235ecd9f]" started-at="2024-03-05T14:52:40 IST" name="launch" finished-at="2024-03-05T14:52:40 IST" duration-ms="9" status="PASS">
          <reporter-output>
            <line>
              <![CDATA[abc]]>
            </line>
          </reporter-output>
        </test-method> <!-- launch -->
      </class> <!-- com.shoppersstack.testscripts.NavigateToLoginPage -->
    </test> <!-- Default test -->
  </suite> <!-- Default suite -->
</testng-results>
