<?xml version="1.0" encoding="UTF-8"?>
<testng-results ignored="0" total="3" passed="3" failed="0" skipped="0">
  <reporter-output>
    <line>
      <![CDATA[ShoppersStack]]>
    </line>
  </reporter-output>
  <suite started-at="2024-03-05T12:28:29 IST" name="Default suite" finished-at="2024-03-05T12:28:42 IST" duration-ms="13119">
    <groups>
    </groups>
    <test started-at="2024-03-05T12:28:29 IST" name="Default test" finished-at="2024-03-05T12:28:42 IST" duration-ms="13119">
      <class name="com.shoppersstack.testscripts.NavigateToWelcomePage">
        <test-method signature="openBrowser()[pri:1, instance:com.shoppersstack.testscripts.NavigateToWelcomePage@2794eab6]" started-at="2024-03-05T12:28:29 IST" name="openBrowser" finished-at="2024-03-05T12:28:37 IST" duration-ms="8336" status="PASS">
          <reporter-output>
          </reporter-output>
        </test-method> <!-- openBrowser -->
        <test-method signature="navigateToUrl()[pri:2, instance:com.shoppersstack.testscripts.NavigateToWelcomePage@2794eab6]" started-at="2024-03-05T12:28:37 IST" name="navigateToUrl" finished-at="2024-03-05T12:28:42 IST" duration-ms="4737" status="PASS">
          <reporter-output>
          </reporter-output>
        </test-method> <!-- navigateToUrl -->
        <test-method signature="verifyPageTitle()[pri:3, instance:com.shoppersstack.testscripts.NavigateToWelcomePage@2794eab6]" started-at="2024-03-05T12:28:42 IST" name="verifyPageTitle" finished-at="2024-03-05T12:28:42 IST" duration-ms="8" status="PASS">
          <reporter-output>
            <line>
              <![CDATA[ShoppersStack]]>
            </line>
          </reporter-output>
        </test-method> <!-- verifyPageTitle -->
      </class> <!-- com.shoppersstack.testscripts.NavigateToWelcomePage -->
    </test> <!-- Default test -->
  </suite> <!-- Default suite -->
</testng-results>
